<?xml version="1.0" encoding="UTF-8"?>
<!-- Generated by org.testng.reporters.JUnitReportReporter -->
<testsuite hostname="apzz0928-PC" name="TestExample.TestExample" tests="1" failures="0" timestamp="23 Aug 2017 09:51:27 GMT" time="0.004" errors="0">
  <testcase name="f" time="0.004" classname="TestExample.TestExample"/>
</testsuite> <!-- TestExample.TestExample -->
