<?xml version="1.0" encoding="UTF-8"?>
<!-- Generated by org.testng.reporters.JUnitReportReporter -->
<testsuite hostname="apzz0928-PC" name="TestExample.CopyOfTestExample" tests="1" failures="0" timestamp="18 Sep 2017 07:07:03 GMT" time="13.474" errors="0">
  <testcase name="Login" time="13.474" classname="TestExample.CopyOfTestExample"/>
</testsuite> <!-- TestExample.CopyOfTestExample -->
