<?xml version="1.0" encoding="UTF-8"?>
<!-- Generated by org.testng.reporters.JUnitReportReporter -->
<testsuite hostname="apzz0928-PC" name="TestExample.TestExample" tests="1" failures="0" timestamp="6 Sep 2017 07:16:06 GMT" time="18.098" errors="0">
  <testcase name="Login" time="18.098" classname="TestExample.TestExample"/>
</testsuite> <!-- TestExample.TestExample -->
