<?xml version="1.0" encoding="UTF-8"?>
<!-- Generated by org.testng.reporters.JUnitReportReporter -->
<testsuite hostname="apzz0928-PC" name="TestExample.CopyOfTestExample" tests="1" failures="0" timestamp="12 Sep 2017 04:38:03 GMT" time="13.459" errors="0">
  <testcase name="Login" time="13.459" classname="TestExample.CopyOfTestExample"/>
</testsuite> <!-- TestExample.CopyOfTestExample -->
