<?xml version="1.0" encoding="UTF-8"?>
<!-- Generated by org.testng.reporters.JUnitReportReporter -->
<testsuite hostname="apzz0928-PC" name="TestExample.TestExample" tests="1" failures="0" timestamp="29 Aug 2017 06:06:08 GMT" time="8.950" errors="0">
  <testcase name="Login" time="8.950" classname="TestExample.TestExample"/>
</testsuite> <!-- TestExample.TestExample -->
