<?xml version="1.0" encoding="UTF-8"?>
<!-- Generated by org.testng.reporters.JUnitReportReporter -->
<testsuite hostname="apzz0928-PC" name="TestExample.TestExample" tests="1" failures="0" timestamp="7 Sep 2017 06:16:52 GMT" time="9.512" errors="0">
  <testcase name="Login" time="9.512" classname="TestExample.TestExample"/>
</testsuite> <!-- TestExample.TestExample -->
