<?xml version="1.0" encoding="UTF-8"?>
<!-- Generated by org.testng.reporters.JUnitReportReporter -->
<testsuite hostname="apzz0928-PC" name="TestExample.TestExample" tests="1" failures="0" timestamp="6 Sep 2017 09:47:44 GMT" time="12.639" errors="0">
  <testcase name="Login" time="12.639" classname="TestExample.TestExample"/>
</testsuite> <!-- TestExample.TestExample -->
