<?xml version="1.0" encoding="UTF-8"?>
<!-- Generated by org.testng.reporters.JUnitReportReporter -->
<testsuite hostname="apzz0928-PC" name="TestExample.TestExample" tests="1" failures="0" timestamp="6 Sep 2017 06:59:14 GMT" time="16.871" errors="0">
  <testcase name="Login" time="16.871" classname="TestExample.TestExample"/>
</testsuite> <!-- TestExample.TestExample -->
