<?xml version="1.0" encoding="UTF-8"?>
<!-- Generated by org.testng.reporters.JUnitReportReporter -->
<testsuite hostname="apzz0928-PC" name="TestExample.CopyOfTestExample" tests="1" failures="0" timestamp="18 Sep 2017 07:23:37 GMT" time="17.698" errors="0">
  <testcase name="Login" time="17.698" classname="TestExample.CopyOfTestExample"/>
</testsuite> <!-- TestExample.CopyOfTestExample -->
