<?xml version="1.0" encoding="UTF-8"?>
<!-- Generated by org.testng.reporters.JUnitReportReporter -->
<testsuite hostname="apzz0928-PC" name="TestExample.TestExample" tests="1" failures="0" timestamp="29 Aug 2017 08:48:05 GMT" time="14.117" errors="0">
  <testcase name="Login" time="14.117" classname="TestExample.TestExample"/>
</testsuite> <!-- TestExample.TestExample -->
